# JRE version: OpenJDK Runtime Environment (11.0.2+9) (build 11.0.2+9)
# Java VM: OpenJDK 64-Bit Server VM (11.0.2+9, mixed mode, tiered, compressed oops, g1 gc, windows-amd64)
Heap:
 garbage-first heap   total 655360K, used 172533K [0x0000000581a00000, 0x0000000800000000)
  region size 2048K, 67 young (137216K), 9 survivors (18432K)
 Metaspace       used 72251K, capacity 74420K, committed 74700K, reserved 1114112K
  class space    used 8164K, capacity 9065K, committed 9164K, reserved 1048576K
GC Heap History (10 events):
Event: 1.853 GC heap before
{Heap before GC invocations=3 (full 0):
 garbage-first heap   total 655360K, used 31699K [0x0000000581a00000, 0x0000000800000000)
  region size 2048K, 16 young (32768K), 3 survivors (6144K)
 Metaspace       used 30532K, capacity 31142K, committed 31232K, reserved 1077248K
  class space    used 3318K, capacity 3575K, committed 3584K, reserved 1048576K
}
Event: 1.856 GC heap after
{Heap after GC invocations=4 (full 0):
 garbage-first heap   total 655360K, used 9861K [0x0000000581a00000, 0x0000000800000000)
  region size 2048K, 2 young (4096K), 2 survivors (4096K)
 Metaspace       used 30532K, capacity 31142K, committed 31232K, reserved 1077248K
  class space    used 3318K, capacity 3575K, committed 3584K, reserved 1048576K
}
Event: 2.378 GC heap before
{Heap before GC invocations=4 (full 0):
 garbage-first heap   total 655360K, used 24197K [0x0000000581a00000, 0x0000000800000000)
  region size 2048K, 10 young (20480K), 2 survivors (4096K)
 Metaspace       used 35148K, capacity 35771K, committed 35840K, reserved 1081344K
  class space    used 3710K, capacity 3966K, committed 3968K, reserved 1048576K
}
Event: 2.381 GC heap after
{Heap after GC invocations=5 (full 0):
 garbage-first heap   total 655360K, used 10613K [0x0000000581a00000, 0x0000000800000000)
  region size 2048K, 2 young (4096K), 2 survivors (4096K)
 Metaspace       used 35148K, capacity 35771K, committed 35840K, reserved 1081344K
  class space    used 3710K, capacity 3966K, committed 3968K, reserved 1048576K
}
Event: 3.675 GC heap before
{Heap before GC invocations=6 (full 0):
 garbage-first heap   total 655360K, used 102773K [0x0000000581a00000, 0x0000000800000000)
  region size 2048K, 47 young (96256K), 2 survivors (4096K)
 Metaspace       used 52032K, capacity 52754K, committed 52992K, reserved 1095680K
  class space    used 5790K, capacity 6108K, committed 6144K, reserved 1048576K
}
Event: 3.683 GC heap after
{Heap after GC invocations=7 (full 0):
 garbage-first heap   total 655360K, used 22154K [0x0000000581a00000, 0x0000000800000000)
  region size 2048K, 6 young (12288K), 6 survivors (12288K)
 Metaspace       used 52032K, capacity 52754K, committed 52992K, reserved 1095680K
  class space    used 5790K, capacity 6108K, committed 6144K, reserved 1048576K
}
Event: 14.484 GC heap before
{Heap before GC invocations=7 (full 0):
 garbage-first heap   total 655360K, used 99978K [0x0000000581a00000, 0x0000000800000000)
  region size 2048K, 45 young (92160K), 6 survivors (12288K)
 Metaspace       used 59434K, capacity 60228K, committed 60288K, reserved 1103872K
  class space    used 6537K, capacity 6890K, committed 6912K, reserved 1048576K
}
Event: 14.495 GC heap after
{Heap after GC invocations=8 (full 0):
 garbage-first heap   total 655360K, used 32951K [0x0000000581a00000, 0x0000000800000000)
  region size 2048K, 7 young (14336K), 7 survivors (14336K)
 Metaspace       used 59434K, capacity 60228K, committed 60288K, reserved 1103872K
  class space    used 6537K, capacity 6890K, committed 6912K, reserved 1048576K
}
Event: 15.514 GC heap before
{Heap before GC invocations=9 (full 0):
 garbage-first heap   total 655360K, used 168119K [0x0000000581a00000, 0x0000000800000000)
  region size 2048K, 70 young (143360K), 7 survivors (14336K)
 Metaspace       used 67224K, capacity 68811K, committed 68940K, reserved 1110016K
  class space    used 7609K, capacity 8260K, committed 8268K, reserved 1048576K
}
Event: 15.529 GC heap after
{Heap after GC invocations=10 (full 0):
 garbage-first heap   total 655360K, used 55797K [0x0000000581a00000, 0x0000000800000000)
  region size 2048K, 9 young (18432K), 9 survivors (18432K)
 Metaspace       used 67224K, capacity 68811K, committed 68940K, reserved 1110016K
  class space    used 7609K, capacity 8260K, committed 8268K, reserved 1048576K
}

