# JRE version: OpenJDK Runtime Environment (11.0.2+9) (build 11.0.2+9)
# Java VM: OpenJDK 64-Bit Server VM (11.0.2+9, mixed mode, tiered, compressed oops, g1 gc, windows-amd64)
Heap:
 garbage-first heap   total 655360K, used 208792K [0x0000000581a00000, 0x0000000800000000)
  region size 2048K, 75 young (153600K), 9 survivors (18432K)
 Metaspace       used 72584K, capacity 74704K, committed 74880K, reserved 1116160K
  class space    used 8141K, capacity 9015K, committed 9088K, reserved 1048576K
GC Heap History (10 events):
Event: 1.830 GC heap before
{Heap before GC invocations=3 (full 0):
 garbage-first heap   total 655360K, used 33948K [0x0000000581a00000, 0x0000000800000000)
  region size 2048K, 16 young (32768K), 3 survivors (6144K)
 Metaspace       used 30444K, capacity 31042K, committed 31232K, reserved 1077248K
  class space    used 3299K, capacity 3542K, committed 3584K, reserved 1048576K
}
Event: 1.834 GC heap after
{Heap after GC invocations=4 (full 0):
 garbage-first heap   total 655360K, used 9836K [0x0000000581a00000, 0x0000000800000000)
  region size 2048K, 2 young (4096K), 2 survivors (4096K)
 Metaspace       used 30444K, capacity 31042K, committed 31232K, reserved 1077248K
  class space    used 3299K, capacity 3542K, committed 3584K, reserved 1048576K
}
Event: 2.441 GC heap before
{Heap before GC invocations=4 (full 0):
 garbage-first heap   total 655360K, used 22124K [0x0000000581a00000, 0x0000000800000000)
  region size 2048K, 10 young (20480K), 2 survivors (4096K)
 Metaspace       used 35056K, capacity 35677K, committed 35840K, reserved 1081344K
  class space    used 3717K, capacity 3998K, committed 4096K, reserved 1048576K
}
Event: 2.444 GC heap after
{Heap after GC invocations=5 (full 0):
 garbage-first heap   total 655360K, used 10695K [0x0000000581a00000, 0x0000000800000000)
  region size 2048K, 2 young (4096K), 2 survivors (4096K)
 Metaspace       used 35056K, capacity 35677K, committed 35840K, reserved 1081344K
  class space    used 3717K, capacity 3998K, committed 4096K, reserved 1048576K
}
Event: 3.759 GC heap before
{Heap before GC invocations=6 (full 0):
 garbage-first heap   total 655360K, used 102855K [0x0000000581a00000, 0x0000000800000000)
  region size 2048K, 47 young (96256K), 2 survivors (4096K)
 Metaspace       used 52296K, capacity 52997K, committed 53248K, reserved 1095680K
  class space    used 5790K, capacity 6106K, committed 6144K, reserved 1048576K
}
Event: 3.767 GC heap after
{Heap after GC invocations=7 (full 0):
 garbage-first heap   total 655360K, used 22287K [0x0000000581a00000, 0x0000000800000000)
  region size 2048K, 6 young (12288K), 6 survivors (12288K)
 Metaspace       used 52296K, capacity 52997K, committed 53248K, reserved 1095680K
  class space    used 5790K, capacity 6106K, committed 6144K, reserved 1048576K
}
Event: 14.558 GC heap before
{Heap before GC invocations=7 (full 0):
 garbage-first heap   total 655360K, used 98063K [0x0000000581a00000, 0x0000000800000000)
  region size 2048K, 44 young (90112K), 6 survivors (12288K)
 Metaspace       used 59188K, capacity 60040K, committed 60160K, reserved 1101824K
  class space    used 6468K, capacity 6851K, committed 6912K, reserved 1048576K
}
Event: 14.569 GC heap after
{Heap after GC invocations=8 (full 0):
 garbage-first heap   total 655360K, used 33458K [0x0000000581a00000, 0x0000000800000000)
  region size 2048K, 7 young (14336K), 7 survivors (14336K)
 Metaspace       used 59188K, capacity 60040K, committed 60160K, reserved 1101824K
  class space    used 6468K, capacity 6851K, committed 6912K, reserved 1048576K
}
Event: 15.699 GC heap before
{Heap before GC invocations=9 (full 0):
 garbage-first heap   total 655360K, used 166578K [0x0000000581a00000, 0x0000000800000000)
  region size 2048K, 70 young (143360K), 7 survivors (14336K)
 Metaspace       used 67350K, capacity 69009K, committed 69376K, reserved 1110016K
  class space    used 7630K, capacity 8329K, committed 8448K, reserved 1048576K
}
Event: 15.714 GC heap after
{Heap after GC invocations=10 (full 0):
 garbage-first heap   total 655360K, used 55192K [0x0000000581a00000, 0x0000000800000000)
  region size 2048K, 9 young (18432K), 9 survivors (18432K)
 Metaspace       used 67350K, capacity 69009K, committed 69376K, reserved 1110016K
  class space    used 7630K, capacity 8329K, committed 8448K, reserved 1048576K
}

