# JRE version: OpenJDK Runtime Environment (11.0.2+9) (build 11.0.2+9)
# Java VM: OpenJDK 64-Bit Server VM (11.0.2+9, mixed mode, tiered, compressed oops, g1 gc, windows-amd64)
Heap:
 garbage-first heap   total 655360K, used 296377K [0x0000000581a00000, 0x0000000800000000)
  region size 2048K, 134 young (274432K), 11 survivors (22528K)
 Metaspace       used 72099K, capacity 74176K, committed 74316K, reserved 1114112K
  class space    used 8133K, capacity 9007K, committed 9036K, reserved 1048576K
GC Heap History (10 events):
Event: 1.230 GC heap before
{Heap before GC invocations=1 (full 0):
 garbage-first heap   total 655360K, used 8642K [0x0000000581a00000, 0x0000000800000000)
  region size 2048K, 4 young (8192K), 2 survivors (4096K)
 Metaspace       used 20700K, capacity 21093K, committed 21248K, reserved 1069056K
  class space    used 2255K, capacity 2447K, committed 2560K, reserved 1048576K
}
Event: 1.234 GC heap after
{Heap after GC invocations=2 (full 0):
 garbage-first heap   total 655360K, used 7154K [0x0000000581a00000, 0x0000000800000000)
  region size 2048K, 3 young (6144K), 3 survivors (6144K)
 Metaspace       used 20700K, capacity 21093K, committed 21248K, reserved 1069056K
  class space    used 2255K, capacity 2447K, committed 2560K, reserved 1048576K
}
Event: 1.892 GC heap before
{Heap before GC invocations=3 (full 0):
 garbage-first heap   total 655360K, used 33778K [0x0000000581a00000, 0x0000000800000000)
  region size 2048K, 16 young (32768K), 3 survivors (6144K)
 Metaspace       used 30422K, capacity 31040K, committed 31232K, reserved 1077248K
  class space    used 3295K, capacity 3542K, committed 3584K, reserved 1048576K
}
Event: 1.895 GC heap after
{Heap after GC invocations=4 (full 0):
 garbage-first heap   total 655360K, used 9808K [0x0000000581a00000, 0x0000000800000000)
  region size 2048K, 2 young (4096K), 2 survivors (4096K)
 Metaspace       used 30422K, capacity 31040K, committed 31232K, reserved 1077248K
  class space    used 3295K, capacity 3542K, committed 3584K, reserved 1048576K
}
Event: 2.484 GC heap before
{Heap before GC invocations=4 (full 0):
 garbage-first heap   total 655360K, used 24144K [0x0000000581a00000, 0x0000000800000000)
  region size 2048K, 11 young (22528K), 2 survivors (4096K)
 Metaspace       used 35113K, capacity 35771K, committed 35840K, reserved 1081344K
  class space    used 3710K, capacity 3966K, committed 3968K, reserved 1048576K
}
Event: 2.489 GC heap after
{Heap after GC invocations=5 (full 0):
 garbage-first heap   total 655360K, used 10662K [0x0000000581a00000, 0x0000000800000000)
  region size 2048K, 3 young (6144K), 3 survivors (6144K)
 Metaspace       used 35113K, capacity 35771K, committed 35840K, reserved 1081344K
  class space    used 3710K, capacity 3966K, committed 3968K, reserved 1048576K
}
Event: 3.712 GC heap before
{Heap before GC invocations=6 (full 0):
 garbage-first heap   total 655360K, used 100774K [0x0000000581a00000, 0x0000000800000000)
  region size 2048K, 47 young (96256K), 3 survivors (6144K)
 Metaspace       used 51849K, capacity 52566K, committed 52736K, reserved 1095680K
  class space    used 5754K, capacity 6070K, committed 6144K, reserved 1048576K
}
Event: 3.719 GC heap after
{Heap after GC invocations=7 (full 0):
 garbage-first heap   total 655360K, used 21945K [0x0000000581a00000, 0x0000000800000000)
  region size 2048K, 6 young (12288K), 6 survivors (12288K)
 Metaspace       used 51849K, capacity 52566K, committed 52736K, reserved 1095680K
  class space    used 5754K, capacity 6070K, committed 6144K, reserved 1048576K
}
Event: 14.452 GC heap before
{Heap before GC invocations=7 (full 0):
 garbage-first heap   total 655360K, used 107961K [0x0000000581a00000, 0x0000000800000000)
  region size 2048K, 49 young (100352K), 6 survivors (12288K)
 Metaspace       used 59393K, capacity 60210K, committed 60288K, reserved 1103872K
  class space    used 6534K, capacity 6887K, committed 6912K, reserved 1048576K
}
Event: 14.464 GC heap after
{Heap after GC invocations=8 (full 0):
 garbage-first heap   total 655360K, used 32185K [0x0000000581a00000, 0x0000000800000000)
  region size 2048K, 11 young (22528K), 11 survivors (22528K)
 Metaspace       used 59393K, capacity 60210K, committed 60288K, reserved 1103872K
  class space    used 6534K, capacity 6887K, committed 6912K, reserved 1048576K
}

