# JRE version: OpenJDK Runtime Environment (11.0.2+9) (build 11.0.2+9)
# Java VM: OpenJDK 64-Bit Server VM (11.0.2+9, mixed mode, tiered, compressed oops, g1 gc, windows-amd64)
Heap:
 garbage-first heap   total 655360K, used 189736K [0x0000000581a00000, 0x0000000800000000)
  region size 2048K, 71 young (145408K), 9 survivors (18432K)
 Metaspace       used 72660K, capacity 74836K, committed 74956K, reserved 1116160K
  class space    used 8189K, capacity 9099K, committed 9164K, reserved 1048576K
GC Heap History (10 events):
Event: 1.930 GC heap before
{Heap before GC invocations=3 (full 0):
 garbage-first heap   total 655360K, used 33897K [0x0000000581a00000, 0x0000000800000000)
  region size 2048K, 16 young (32768K), 3 survivors (6144K)
 Metaspace       used 30429K, capacity 31040K, committed 31232K, reserved 1077248K
  class space    used 3297K, capacity 3542K, committed 3584K, reserved 1048576K
}
Event: 1.933 GC heap after
{Heap after GC invocations=4 (full 0):
 garbage-first heap   total 655360K, used 9757K [0x0000000581a00000, 0x0000000800000000)
  region size 2048K, 2 young (4096K), 2 survivors (4096K)
 Metaspace       used 30429K, capacity 31040K, committed 31232K, reserved 1077248K
  class space    used 3297K, capacity 3542K, committed 3584K, reserved 1048576K
}
Event: 2.501 GC heap before
{Heap before GC invocations=4 (full 0):
 garbage-first heap   total 655360K, used 22045K [0x0000000581a00000, 0x0000000800000000)
  region size 2048K, 10 young (20480K), 2 survivors (4096K)
 Metaspace       used 35124K, capacity 35771K, committed 35840K, reserved 1081344K
  class space    used 3710K, capacity 3966K, committed 3968K, reserved 1048576K
}
Event: 2.506 GC heap after
{Heap after GC invocations=5 (full 0):
 garbage-first heap   total 655360K, used 10580K [0x0000000581a00000, 0x0000000800000000)
  region size 2048K, 2 young (4096K), 2 survivors (4096K)
 Metaspace       used 35124K, capacity 35771K, committed 35840K, reserved 1081344K
  class space    used 3710K, capacity 3966K, committed 3968K, reserved 1048576K
}
Event: 3.695 GC heap before
{Heap before GC invocations=6 (full 0):
 garbage-first heap   total 655360K, used 98644K [0x0000000581a00000, 0x0000000800000000)
  region size 2048K, 45 young (92160K), 2 survivors (4096K)
 Metaspace       used 51684K, capacity 52417K, committed 52736K, reserved 1095680K
  class space    used 5740K, capacity 6040K, committed 6144K, reserved 1048576K
}
Event: 3.704 GC heap after
{Heap after GC invocations=7 (full 0):
 garbage-first heap   total 655360K, used 21793K [0x0000000581a00000, 0x0000000800000000)
  region size 2048K, 6 young (12288K), 6 survivors (12288K)
 Metaspace       used 51684K, capacity 52417K, committed 52736K, reserved 1095680K
  class space    used 5740K, capacity 6040K, committed 6144K, reserved 1048576K
}
Event: 14.521 GC heap before
{Heap before GC invocations=7 (full 0):
 garbage-first heap   total 655360K, used 99617K [0x0000000581a00000, 0x0000000800000000)
  region size 2048K, 46 young (94208K), 6 survivors (12288K)
 Metaspace       used 59393K, capacity 60235K, committed 60288K, reserved 1103872K
  class space    used 6537K, capacity 6892K, committed 6912K, reserved 1048576K
}
Event: 14.532 GC heap after
{Heap after GC invocations=8 (full 0):
 garbage-first heap   total 655360K, used 32509K [0x0000000581a00000, 0x0000000800000000)
  region size 2048K, 7 young (14336K), 7 survivors (14336K)
 Metaspace       used 59393K, capacity 60235K, committed 60288K, reserved 1103872K
  class space    used 6537K, capacity 6892K, committed 6912K, reserved 1048576K
}
Event: 15.521 GC heap before
{Heap before GC invocations=9 (full 0):
 garbage-first heap   total 655360K, used 165629K [0x0000000581a00000, 0x0000000800000000)
  region size 2048K, 69 young (141312K), 7 survivors (14336K)
 Metaspace       used 66928K, capacity 68541K, committed 68684K, reserved 1110016K
  class space    used 7560K, capacity 8212K, committed 8268K, reserved 1048576K
}
Event: 15.544 GC heap after
{Heap after GC invocations=10 (full 0):
 garbage-first heap   total 655360K, used 64808K [0x0000000581a00000, 0x0000000800000000)
  region size 2048K, 9 young (18432K), 9 survivors (18432K)
 Metaspace       used 66928K, capacity 68541K, committed 68684K, reserved 1110016K
  class space    used 7560K, capacity 8212K, committed 8268K, reserved 1048576K
}

