# JRE version: OpenJDK Runtime Environment (11.0.2+9) (build 11.0.2+9)
# Java VM: OpenJDK 64-Bit Server VM (11.0.2+9, mixed mode, tiered, compressed oops, g1 gc, windows-amd64)
Heap:
 garbage-first heap   total 655360K, used 182307K [0x0000000581a00000, 0x0000000800000000)
  region size 2048K, 72 young (147456K), 9 survivors (18432K)
 Metaspace       used 72906K, capacity 75098K, committed 75264K, reserved 1116160K
  class space    used 8191K, capacity 9099K, committed 9216K, reserved 1048576K
GC Heap History (10 events):
Event: 2.030 GC heap before
{Heap before GC invocations=3 (full 0):
 garbage-first heap   total 655360K, used 36079K [0x0000000581a00000, 0x0000000800000000)
  region size 2048K, 16 young (32768K), 1 survivors (2048K)
 Metaspace       used 31452K, capacity 32056K, committed 32128K, reserved 1077248K
  class space    used 3441K, capacity 3708K, committed 3712K, reserved 1048576K
}
Event: 2.032 GC heap after
{Heap after GC invocations=4 (full 0):
 garbage-first heap   total 655360K, used 10042K [0x0000000581a00000, 0x0000000800000000)
  region size 2048K, 2 young (4096K), 2 survivors (4096K)
 Metaspace       used 31452K, capacity 32056K, committed 32128K, reserved 1077248K
  class space    used 3441K, capacity 3708K, committed 3712K, reserved 1048576K
}
Event: 2.574 GC heap before
{Heap before GC invocations=4 (full 0):
 garbage-first heap   total 655360K, used 18234K [0x0000000581a00000, 0x0000000800000000)
  region size 2048K, 8 young (16384K), 2 survivors (4096K)
 Metaspace       used 35060K, capacity 35675K, committed 35840K, reserved 1081344K
  class space    used 3716K, capacity 3998K, committed 4096K, reserved 1048576K
}
Event: 2.579 GC heap after
{Heap after GC invocations=5 (full 0):
 garbage-first heap   total 655360K, used 10739K [0x0000000581a00000, 0x0000000800000000)
  region size 2048K, 2 young (4096K), 2 survivors (4096K)
 Metaspace       used 35060K, capacity 35675K, committed 35840K, reserved 1081344K
  class space    used 3716K, capacity 3998K, committed 4096K, reserved 1048576K
}
Event: 3.891 GC heap before
{Heap before GC invocations=6 (full 0):
 garbage-first heap   total 655360K, used 98803K [0x0000000581a00000, 0x0000000800000000)
  region size 2048K, 45 young (92160K), 2 survivors (4096K)
 Metaspace       used 51440K, capacity 52197K, committed 52480K, reserved 1095680K
  class space    used 5743K, capacity 6073K, committed 6144K, reserved 1048576K
}
Event: 3.901 GC heap after
{Heap after GC invocations=7 (full 0):
 garbage-first heap   total 655360K, used 21889K [0x0000000581a00000, 0x0000000800000000)
  region size 2048K, 6 young (12288K), 6 survivors (12288K)
 Metaspace       used 51440K, capacity 52197K, committed 52480K, reserved 1095680K
  class space    used 5743K, capacity 6073K, committed 6144K, reserved 1048576K
}
Event: 14.688 GC heap before
{Heap before GC invocations=7 (full 0):
 garbage-first heap   total 655360K, used 99713K [0x0000000581a00000, 0x0000000800000000)
  region size 2048K, 46 young (94208K), 6 survivors (12288K)
 Metaspace       used 59213K, capacity 60049K, committed 60160K, reserved 1101824K
  class space    used 6495K, capacity 6853K, committed 6912K, reserved 1048576K
}
Event: 14.700 GC heap after
{Heap after GC invocations=8 (full 0):
 garbage-first heap   total 655360K, used 32533K [0x0000000581a00000, 0x0000000800000000)
  region size 2048K, 7 young (14336K), 7 survivors (14336K)
 Metaspace       used 59213K, capacity 60049K, committed 60160K, reserved 1101824K
  class space    used 6495K, capacity 6853K, committed 6912K, reserved 1048576K
}
Event: 15.732 GC heap before
{Heap before GC invocations=9 (full 0):
 garbage-first heap   total 655360K, used 161557K [0x0000000581a00000, 0x0000000800000000)
  region size 2048K, 68 young (139264K), 7 survivors (14336K)
 Metaspace       used 67350K, capacity 69009K, committed 69376K, reserved 1110016K
  class space    used 7640K, capacity 8327K, committed 8448K, reserved 1048576K
}
Event: 15.748 GC heap after
{Heap after GC invocations=10 (full 0):
 garbage-first heap   total 655360K, used 53283K [0x0000000581a00000, 0x0000000800000000)
  region size 2048K, 9 young (18432K), 9 survivors (18432K)
 Metaspace       used 67350K, capacity 69009K, committed 69376K, reserved 1110016K
  class space    used 7640K, capacity 8327K, committed 8448K, reserved 1048576K
}

