# JRE version: OpenJDK Runtime Environment (11.0.2+9) (build 11.0.2+9)
# Java VM: OpenJDK 64-Bit Server VM (11.0.2+9, mixed mode, tiered, compressed oops, g1 gc, windows-amd64)
Heap:
 garbage-first heap   total 655360K, used 122185K [0x0000000581a00000, 0x0000000800000000)
  region size 2048K, 37 young (75776K), 9 survivors (18432K)
 Metaspace       used 72250K, capacity 74464K, committed 74624K, reserved 1114112K
  class space    used 8162K, capacity 9062K, committed 9088K, reserved 1048576K
GC Heap History (10 events):
Event: 1.802 GC heap before
{Heap before GC invocations=3 (full 0):
 garbage-first heap   total 655360K, used 33743K [0x0000000581a00000, 0x0000000800000000)
  region size 2048K, 16 young (32768K), 3 survivors (6144K)
 Metaspace       used 30413K, capacity 31040K, committed 31232K, reserved 1077248K
  class space    used 3292K, capacity 3542K, committed 3584K, reserved 1048576K
}
Event: 1.805 GC heap after
{Heap after GC invocations=4 (full 0):
 garbage-first heap   total 655360K, used 9740K [0x0000000581a00000, 0x0000000800000000)
  region size 2048K, 2 young (4096K), 2 survivors (4096K)
 Metaspace       used 30413K, capacity 31040K, committed 31232K, reserved 1077248K
  class space    used 3292K, capacity 3542K, committed 3584K, reserved 1048576K
}
Event: 2.420 GC heap before
{Heap before GC invocations=4 (full 0):
 garbage-first heap   total 655360K, used 24076K [0x0000000581a00000, 0x0000000800000000)
  region size 2048K, 11 young (22528K), 2 survivors (4096K)
 Metaspace       used 35072K, capacity 35675K, committed 35840K, reserved 1081344K
  class space    used 3714K, capacity 3998K, committed 4096K, reserved 1048576K
}
Event: 2.424 GC heap after
{Heap after GC invocations=5 (full 0):
 garbage-first heap   total 655360K, used 10576K [0x0000000581a00000, 0x0000000800000000)
  region size 2048K, 2 young (4096K), 2 survivors (4096K)
 Metaspace       used 35072K, capacity 35675K, committed 35840K, reserved 1081344K
  class space    used 3714K, capacity 3998K, committed 4096K, reserved 1048576K
}
Event: 3.726 GC heap before
{Heap before GC invocations=6 (full 0):
 garbage-first heap   total 655360K, used 108880K [0x0000000581a00000, 0x0000000800000000)
  region size 2048K, 50 young (102400K), 2 survivors (4096K)
 Metaspace       used 52791K, capacity 53560K, committed 53888K, reserved 1097728K
  class space    used 5828K, capacity 6145K, committed 6272K, reserved 1048576K
}
Event: 3.755 GC heap after
{Heap after GC invocations=7 (full 0):
 garbage-first heap   total 655360K, used 22617K [0x0000000581a00000, 0x0000000800000000)
  region size 2048K, 7 young (14336K), 7 survivors (14336K)
 Metaspace       used 52791K, capacity 53560K, committed 53888K, reserved 1097728K
  class space    used 5828K, capacity 6145K, committed 6272K, reserved 1048576K
}
Event: 15.093 GC heap before
{Heap before GC invocations=8 (full 0):
 garbage-first heap   total 655360K, used 147545K [0x0000000581a00000, 0x0000000800000000)
  region size 2048K, 66 young (135168K), 7 survivors (14336K)
 Metaspace       used 64867K, capacity 66187K, committed 66432K, reserved 1107968K
  class space    used 7182K, capacity 7727K, committed 7808K, reserved 1048576K
}
Event: 15.109 GC heap after
{Heap after GC invocations=9 (full 0):
 garbage-first heap   total 655360K, used 49463K [0x0000000581a00000, 0x0000000800000000)
  region size 2048K, 9 young (18432K), 9 survivors (18432K)
 Metaspace       used 64867K, capacity 66187K, committed 66432K, reserved 1107968K
  class space    used 7182K, capacity 7727K, committed 7808K, reserved 1048576K
}
Event: 15.966 GC heap before
{Heap before GC invocations=9 (full 0):
 garbage-first heap   total 655360K, used 190775K [0x0000000581a00000, 0x0000000800000000)
  region size 2048K, 78 young (159744K), 9 survivors (18432K)
 Metaspace       used 69754K, capacity 71578K, committed 71808K, reserved 1112064K
  class space    used 7834K, capacity 8575K, committed 8576K, reserved 1048576K
}
Event: 15.978 GC heap after
{Heap after GC invocations=10 (full 0):
 garbage-first heap   total 655360K, used 66889K [0x0000000581a00000, 0x0000000800000000)
  region size 2048K, 9 young (18432K), 9 survivors (18432K)
 Metaspace       used 69754K, capacity 71578K, committed 71808K, reserved 1112064K
  class space    used 7834K, capacity 8575K, committed 8576K, reserved 1048576K
}

