# JRE version: OpenJDK Runtime Environment (11.0.2+9) (build 11.0.2+9)
# Java VM: OpenJDK 64-Bit Server VM (11.0.2+9, mixed mode, tiered, compressed oops, g1 gc, windows-amd64)
Heap:
 garbage-first heap   total 655360K, used 134726K [0x0000000581a00000, 0x0000000800000000)
  region size 2048K, 42 young (86016K), 5 survivors (10240K)
 Metaspace       used 72209K, capacity 74344K, committed 74624K, reserved 1114112K
  class space    used 8140K, capacity 9016K, committed 9088K, reserved 1048576K
GC Heap History (10 events):
Event: 1.908 GC heap before
{Heap before GC invocations=3 (full 0):
 garbage-first heap   total 655360K, used 33719K [0x0000000581a00000, 0x0000000800000000)
  region size 2048K, 16 young (32768K), 3 survivors (6144K)
 Metaspace       used 30426K, capacity 31040K, committed 31232K, reserved 1077248K
  class space    used 3297K, capacity 3542K, committed 3584K, reserved 1048576K
}
Event: 1.912 GC heap after
{Heap after GC invocations=4 (full 0):
 garbage-first heap   total 655360K, used 9794K [0x0000000581a00000, 0x0000000800000000)
  region size 2048K, 2 young (4096K), 2 survivors (4096K)
 Metaspace       used 30426K, capacity 31040K, committed 31232K, reserved 1077248K
  class space    used 3297K, capacity 3542K, committed 3584K, reserved 1048576K
}
Event: 2.495 GC heap before
{Heap before GC invocations=4 (full 0):
 garbage-first heap   total 655360K, used 24130K [0x0000000581a00000, 0x0000000800000000)
  region size 2048K, 11 young (22528K), 2 survivors (4096K)
 Metaspace       used 35047K, capacity 35675K, committed 35840K, reserved 1081344K
  class space    used 3714K, capacity 3998K, committed 4096K, reserved 1048576K
}
Event: 2.499 GC heap after
{Heap after GC invocations=5 (full 0):
 garbage-first heap   total 655360K, used 10561K [0x0000000581a00000, 0x0000000800000000)
  region size 2048K, 2 young (4096K), 2 survivors (4096K)
 Metaspace       used 35047K, capacity 35675K, committed 35840K, reserved 1081344K
  class space    used 3714K, capacity 3998K, committed 4096K, reserved 1048576K
}
Event: 3.793 GC heap before
{Heap before GC invocations=6 (full 0):
 garbage-first heap   total 655360K, used 108865K [0x0000000581a00000, 0x0000000800000000)
  region size 2048K, 50 young (102400K), 2 survivors (4096K)
 Metaspace       used 52818K, capacity 53586K, committed 53888K, reserved 1097728K
  class space    used 5835K, capacity 6150K, committed 6272K, reserved 1048576K
}
Event: 3.812 GC heap after
{Heap after GC invocations=7 (full 0):
 garbage-first heap   total 655360K, used 22681K [0x0000000581a00000, 0x0000000800000000)
  region size 2048K, 7 young (14336K), 7 survivors (14336K)
 Metaspace       used 52818K, capacity 53586K, committed 53888K, reserved 1097728K
  class space    used 5835K, capacity 6150K, committed 6272K, reserved 1048576K
}
Event: 15.315 GC heap before
{Heap before GC invocations=8 (full 0):
 garbage-first heap   total 655360K, used 143513K [0x0000000581a00000, 0x0000000800000000)
  region size 2048K, 64 young (131072K), 7 survivors (14336K)
 Metaspace       used 64502K, capacity 65702K, committed 65792K, reserved 1107968K
  class space    used 7152K, capacity 7668K, committed 7680K, reserved 1048576K
}
Event: 15.338 GC heap after
{Heap after GC invocations=9 (full 0):
 garbage-first heap   total 655360K, used 52345K [0x0000000581a00000, 0x0000000800000000)
  region size 2048K, 8 young (16384K), 8 survivors (16384K)
 Metaspace       used 64502K, capacity 65702K, committed 65792K, reserved 1107968K
  class space    used 7152K, capacity 7668K, committed 7680K, reserved 1048576K
}
Event: 16.093 GC heap before
{Heap before GC invocations=9 (full 0):
 garbage-first heap   total 655360K, used 185465K [0x0000000581a00000, 0x0000000800000000)
  region size 2048K, 73 young (149504K), 8 survivors (16384K)
 Metaspace       used 68882K, capacity 70583K, committed 70784K, reserved 1112064K
  class space    used 7756K, capacity 8477K, committed 8576K, reserved 1048576K
}
Event: 16.102 GC heap after
{Heap after GC invocations=10 (full 0):
 garbage-first heap   total 655360K, used 60998K [0x0000000581a00000, 0x0000000800000000)
  region size 2048K, 5 young (10240K), 5 survivors (10240K)
 Metaspace       used 68882K, capacity 70583K, committed 70784K, reserved 1112064K
  class space    used 7756K, capacity 8477K, committed 8576K, reserved 1048576K
}

