# JRE version: OpenJDK Runtime Environment (11.0.2+9) (build 11.0.2+9)
# Java VM: OpenJDK 64-Bit Server VM (11.0.2+9, mixed mode, tiered, compressed oops, g1 gc, windows-amd64)
Heap:
 garbage-first heap   total 655360K, used 178327K [0x0000000581a00000, 0x0000000800000000)
  region size 2048K, 69 young (141312K), 8 survivors (16384K)
 Metaspace       used 72268K, capacity 74477K, committed 74624K, reserved 1114112K
  class space    used 8164K, capacity 9063K, committed 9088K, reserved 1048576K
GC Heap History (10 events):
Event: 2.058 GC heap before
{Heap before GC invocations=3 (full 0):
 garbage-first heap   total 655360K, used 38143K [0x0000000581a00000, 0x0000000800000000)
  region size 2048K, 17 young (34816K), 1 survivors (2048K)
 Metaspace       used 31996K, capacity 32608K, committed 32768K, reserved 1079296K
  class space    used 3531K, capacity 3806K, committed 3840K, reserved 1048576K
}
Event: 2.060 GC heap after
{Heap after GC invocations=4 (full 0):
 garbage-first heap   total 655360K, used 10278K [0x0000000581a00000, 0x0000000800000000)
  region size 2048K, 2 young (4096K), 2 survivors (4096K)
 Metaspace       used 31996K, capacity 32608K, committed 32768K, reserved 1079296K
  class space    used 3531K, capacity 3806K, committed 3840K, reserved 1048576K
}
Event: 2.517 GC heap before
{Heap before GC invocations=4 (full 0):
 garbage-first heap   total 655360K, used 18470K [0x0000000581a00000, 0x0000000800000000)
  region size 2048K, 8 young (16384K), 2 survivors (4096K)
 Metaspace       used 35167K, capacity 35767K, committed 35840K, reserved 1081344K
  class space    used 3701K, capacity 3966K, committed 3968K, reserved 1048576K
}
Event: 2.520 GC heap after
{Heap after GC invocations=5 (full 0):
 garbage-first heap   total 655360K, used 10808K [0x0000000581a00000, 0x0000000800000000)
  region size 2048K, 2 young (4096K), 2 survivors (4096K)
 Metaspace       used 35167K, capacity 35767K, committed 35840K, reserved 1081344K
  class space    used 3701K, capacity 3966K, committed 3968K, reserved 1048576K
}
Event: 3.855 GC heap before
{Heap before GC invocations=6 (full 0):
 garbage-first heap   total 655360K, used 96824K [0x0000000581a00000, 0x0000000800000000)
  region size 2048K, 44 young (90112K), 2 survivors (4096K)
 Metaspace       used 51379K, capacity 52095K, committed 52224K, reserved 1095680K
  class space    used 5731K, capacity 6041K, committed 6144K, reserved 1048576K
}
Event: 3.864 GC heap after
{Heap after GC invocations=7 (full 0):
 garbage-first heap   total 655360K, used 22089K [0x0000000581a00000, 0x0000000800000000)
  region size 2048K, 6 young (12288K), 6 survivors (12288K)
 Metaspace       used 51379K, capacity 52095K, committed 52224K, reserved 1095680K
  class space    used 5731K, capacity 6041K, committed 6144K, reserved 1048576K
}
Event: 14.675 GC heap before
{Heap before GC invocations=7 (full 0):
 garbage-first heap   total 655360K, used 101961K [0x0000000581a00000, 0x0000000800000000)
  region size 2048K, 46 young (94208K), 6 survivors (12288K)
 Metaspace       used 59204K, capacity 60043K, committed 60160K, reserved 1101824K
  class space    used 6488K, capacity 6852K, committed 6912K, reserved 1048576K
}
Event: 14.686 GC heap after
{Heap after GC invocations=8 (full 0):
 garbage-first heap   total 655360K, used 33248K [0x0000000581a00000, 0x0000000800000000)
  region size 2048K, 7 young (14336K), 7 survivors (14336K)
 Metaspace       used 59204K, capacity 60043K, committed 60160K, reserved 1101824K
  class space    used 6488K, capacity 6852K, committed 6912K, reserved 1048576K
}
Event: 15.733 GC heap before
{Heap before GC invocations=9 (full 0):
 garbage-first heap   total 655360K, used 162272K [0x0000000581a00000, 0x0000000800000000)
  region size 2048K, 67 young (137216K), 7 survivors (14336K)
 Metaspace       used 66988K, capacity 68542K, committed 68736K, reserved 1110016K
  class space    used 7557K, capacity 8236K, committed 8320K, reserved 1048576K
}
Event: 15.745 GC heap after
{Heap after GC invocations=10 (full 0):
 garbage-first heap   total 655360K, used 55447K [0x0000000581a00000, 0x0000000800000000)
  region size 2048K, 8 young (16384K), 8 survivors (16384K)
 Metaspace       used 66988K, capacity 68542K, committed 68736K, reserved 1110016K
  class space    used 7557K, capacity 8236K, committed 8320K, reserved 1048576K
}

