# JRE version: OpenJDK Runtime Environment (11.0.2+9) (build 11.0.2+9)
# Java VM: OpenJDK 64-Bit Server VM (11.0.2+9, mixed mode, tiered, compressed oops, g1 gc, windows-amd64)
Heap:
 garbage-first heap   total 655360K, used 195251K [0x0000000581a00000, 0x0000000800000000)
  region size 2048K, 75 young (153600K), 9 survivors (18432K)
 Metaspace       used 72639K, capacity 74781K, committed 74880K, reserved 1116160K
  class space    used 8145K, capacity 9024K, committed 9088K, reserved 1048576K
GC Heap History (10 events):
Event: 1.967 GC heap before
{Heap before GC invocations=3 (full 0):
 garbage-first heap   total 655360K, used 33771K [0x0000000581a00000, 0x0000000800000000)
  region size 2048K, 16 young (32768K), 3 survivors (6144K)
 Metaspace       used 30307K, capacity 30912K, committed 30976K, reserved 1077248K
  class space    used 3288K, capacity 3542K, committed 3584K, reserved 1048576K
}
Event: 1.972 GC heap after
{Heap after GC invocations=4 (full 0):
 garbage-first heap   total 655360K, used 9800K [0x0000000581a00000, 0x0000000800000000)
  region size 2048K, 2 young (4096K), 2 survivors (4096K)
 Metaspace       used 30307K, capacity 30912K, committed 30976K, reserved 1077248K
  class space    used 3288K, capacity 3542K, committed 3584K, reserved 1048576K
}
Event: 2.584 GC heap before
{Heap before GC invocations=4 (full 0):
 garbage-first heap   total 655360K, used 26184K [0x0000000581a00000, 0x0000000800000000)
  region size 2048K, 11 young (22528K), 2 survivors (4096K)
 Metaspace       used 35056K, capacity 35675K, committed 35840K, reserved 1081344K
  class space    used 3714K, capacity 3998K, committed 4096K, reserved 1048576K
}
Event: 2.588 GC heap after
{Heap after GC invocations=5 (full 0):
 garbage-first heap   total 655360K, used 10637K [0x0000000581a00000, 0x0000000800000000)
  region size 2048K, 2 young (4096K), 2 survivors (4096K)
 Metaspace       used 35056K, capacity 35675K, committed 35840K, reserved 1081344K
  class space    used 3714K, capacity 3998K, committed 4096K, reserved 1048576K
}
Event: 3.782 GC heap before
{Heap before GC invocations=6 (full 0):
 garbage-first heap   total 655360K, used 102797K [0x0000000581a00000, 0x0000000800000000)
  region size 2048K, 47 young (96256K), 2 survivors (4096K)
 Metaspace       used 52119K, capacity 52858K, committed 52992K, reserved 1095680K
  class space    used 5773K, capacity 6078K, committed 6144K, reserved 1048576K
}
Event: 3.789 GC heap after
{Heap after GC invocations=7 (full 0):
 garbage-first heap   total 655360K, used 22061K [0x0000000581a00000, 0x0000000800000000)
  region size 2048K, 6 young (12288K), 6 survivors (12288K)
 Metaspace       used 52119K, capacity 52858K, committed 52992K, reserved 1095680K
  class space    used 5773K, capacity 6078K, committed 6144K, reserved 1048576K
}
Event: 14.524 GC heap before
{Heap before GC invocations=7 (full 0):
 garbage-first heap   total 655360K, used 97837K [0x0000000581a00000, 0x0000000800000000)
  region size 2048K, 44 young (90112K), 6 survivors (12288K)
 Metaspace       used 59221K, capacity 60070K, committed 60160K, reserved 1101824K
  class space    used 6494K, capacity 6858K, committed 6912K, reserved 1048576K
}
Event: 14.535 GC heap after
{Heap after GC invocations=8 (full 0):
 garbage-first heap   total 655360K, used 32911K [0x0000000581a00000, 0x0000000800000000)
  region size 2048K, 7 young (14336K), 7 survivors (14336K)
 Metaspace       used 59221K, capacity 60070K, committed 60160K, reserved 1101824K
  class space    used 6494K, capacity 6858K, committed 6912K, reserved 1048576K
}
Event: 15.516 GC heap before
{Heap before GC invocations=9 (full 0):
 garbage-first heap   total 655360K, used 166031K [0x0000000581a00000, 0x0000000800000000)
  region size 2048K, 69 young (141312K), 7 survivors (14336K)
 Metaspace       used 66996K, capacity 68647K, committed 68736K, reserved 1110016K
  class space    used 7567K, capacity 8247K, committed 8320K, reserved 1048576K
}
Event: 15.527 GC heap after
{Heap after GC invocations=10 (full 0):
 garbage-first heap   total 655360K, used 55987K [0x0000000581a00000, 0x0000000800000000)
  region size 2048K, 9 young (18432K), 9 survivors (18432K)
 Metaspace       used 66996K, capacity 68647K, committed 68736K, reserved 1110016K
  class space    used 7567K, capacity 8247K, committed 8320K, reserved 1048576K
}

